
An error occurred while loading ./spec/spec/models/book_spec.rb.[31m - Did you mean?
                    rspec ./spec/spec/models/user_spec.rb
[0m
[31mFailure/Error: require 'rails_helper'[0m
[31m[0m
[31mLoadError:[0m
[31m  cannot load such file -- rails_helper[0m
[36m# ./spec/spec/models/book_spec.rb:1:in `require'[0m
[36m# ./spec/spec/models/book_spec.rb:1:in `<top (required)>'[0m

An error occurred while loading ./spec/spec/models/user_spec.rb.[31m - Did you mean?
                    rspec ./spec/spec/models/book_spec.rb
[0m
[31mFailure/Error: require 'rails_helper'[0m
[31m[0m
[31mLoadError:[0m
[31m  cannot load such file -- rails_helper[0m
[36m# ./spec/spec/models/user_spec.rb:1:in `require'[0m
[36m# ./spec/spec/models/user_spec.rb:1:in `<top (required)>'[0m

An error occurred while loading ./spec/spec/system/01_before_login_spec.rb.[31m - Did you mean?
                    rspec ./spec/spec/system/02_after_login_spec.rb
[0m
[31mFailure/Error: require 'rails_helper'[0m
[31m[0m
[31mLoadError:[0m
[31m  cannot load such file -- rails_helper[0m
[36m# ./spec/spec/system/01_before_login_spec.rb:1:in `require'[0m
[36m# ./spec/spec/system/01_before_login_spec.rb:1:in `<top (required)>'[0m

An error occurred while loading ./spec/spec/system/02_after_login_spec.rb.[31m - Did you mean?
                    rspec ./spec/spec/system/01_before_login_spec.rb
[0m
[31mFailure/Error: require 'rails_helper'[0m
[31m[0m
[31mLoadError:[0m
[31m  cannot load such file -- rails_helper[0m
[36m# ./spec/spec/system/02_after_login_spec.rb:1:in `require'[0m
[36m# ./spec/spec/system/02_after_login_spec.rb:1:in `<top (required)>'[0m

An error occurred while loading ./spec/spec/system/03_finishing_touches_spec.rb.[31m - Did you mean?
                    rspec ./spec/spec/system/02_after_login_spec.rb
[0m
[31mFailure/Error: require 'rails_helper'[0m
[31m[0m
[31mLoadError:[0m
[31m  cannot load such file -- rails_helper[0m
[36m# ./spec/spec/system/03_finishing_touches_spec.rb:1:in `require'[0m
[36m# ./spec/spec/system/03_finishing_touches_spec.rb:1:in `<top (required)>'[0m
No examples found.

Finished in 0.00005 seconds (files took 0.30797 seconds to load)
[31m0 examples, 0 failures, 5 errors occurred outside of examples[0m

